CCS PCM C Compiler, Version 5.007, 61971               02-Haz-21 15:28

               Filename:   E:\GitHub\Sera-Otomasyonu\SeraOtomasyonu.lst

               ROM used:   1737 words (21%)
                           Largest free fragment is 2048
               RAM used:   14 (4%) at main() level
                           40 (11%) worst case
               Stack used: 0 locations
               Stack size: 8

*
0000:  MOVLW  05
0001:  MOVWF  0A
0002:  GOTO   537
0003:  NOP
.................... #include <16F877A.h> 
.................... //////// Standard Header file for the PIC16F877A device //////////////// 
.................... #device PIC16F877A 
0004:  BCF    0A.0
0005:  BCF    0A.1
0006:  BCF    0A.2
0007:  ADDWF  02,F
0008:  RETLW  28
0009:  RETLW  0C
000A:  RETLW  01
000B:  RETLW  06
000C:  DATA BE,18
000D:  DATA 2D,21
000E:  DATA E1,39
000F:  DATA EC,30
0010:  DATA 74,10
0011:  DATA 00,00
0012:  DATA 20,19
0013:  DATA AD,20
0014:  DATA F9,30
0015:  DATA 72,36
0016:  DATA 61,39
0017:  DATA 00,01
0018:  DATA A0,18
0019:  DATA 2D,21
001A:  DATA E1,39
001B:  DATA EC,30
001C:  DATA 74,10
001D:  DATA 00,01
001E:  DATA 3E,19
001F:  DATA AD,20
0020:  DATA F9,30
0021:  DATA 72,36
0022:  DATA 61,39
0023:  DATA 00,01
0024:  DATA CE,22
0025:  DATA CD,1E
0026:  DATA A5,12
0027:  DATA 25,33
0028:  DATA 00,00
0029:  DATA 8A,29
002A:  DATA 55,26
002B:  DATA C1,26
002C:  DATA 41,10
002D:  DATA D9,20
002E:  DATA D0,24
002F:  DATA CC,24
0030:  DATA D9,27
0031:  DATA 52,00
0032:  DATA 0A,10
0033:  DATA 49,22
0034:  DATA C5,20
0035:  DATA 4C,10
0036:  DATA CE,22
0037:  DATA 4D,10
0038:  DATA 4F,29
0039:  DATA 41,27
003A:  DATA 49,00
003B:  DATA 20,27
003C:  DATA C5,26
003D:  DATA A0,29
003E:  DATA 49,27
003F:  DATA 49,29
0040:  DATA 49,10
0041:  DATA 20,00
0042:  DATA A0,29
0043:  DATA 45,2A
0044:  DATA 20,1D
0045:  DATA 25,19
0046:  DATA 64,00
*
011F:  MOVF   0B,W
0120:  MOVWF  29
0121:  BCF    0B.7
0122:  BSF    03.5
0123:  BSF    03.6
0124:  BSF    0C.7
0125:  BSF    0C.0
0126:  NOP
0127:  NOP
0128:  BCF    03.5
0129:  MOVF   0C,W
012A:  ANDLW  7F
012B:  BTFSC  03.2
012C:  GOTO   166
012D:  BCF    03.6
012E:  MOVWF  2A
012F:  BSF    03.6
0130:  MOVF   0D,W
0131:  BCF    03.6
0132:  MOVWF  2B
0133:  BSF    03.6
0134:  MOVF   0F,W
0135:  BCF    03.6
0136:  MOVWF  2C
0137:  MOVF   2A,W
0138:  MOVWF  36
0139:  CALL   0F3
013A:  MOVF   2B,W
013B:  BSF    03.6
013C:  MOVWF  0D
013D:  BCF    03.6
013E:  MOVF   2C,W
013F:  BSF    03.6
0140:  MOVWF  0F
0141:  BSF    03.5
0142:  BSF    0C.7
0143:  BSF    0C.0
0144:  NOP
0145:  NOP
0146:  BCF    03.5
0147:  RLF    0C,W
0148:  RLF    0E,W
0149:  ANDLW  7F
014A:  BTFSC  03.2
014B:  GOTO   166
014C:  BCF    03.6
014D:  MOVWF  2A
014E:  BSF    03.6
014F:  MOVF   0D,W
0150:  BCF    03.6
0151:  MOVWF  2B
0152:  BSF    03.6
0153:  MOVF   0F,W
0154:  BCF    03.6
0155:  MOVWF  2C
0156:  MOVF   2A,W
0157:  MOVWF  36
0158:  CALL   0F3
0159:  MOVF   2B,W
015A:  BSF    03.6
015B:  MOVWF  0D
015C:  BCF    03.6
015D:  MOVF   2C,W
015E:  BSF    03.6
015F:  MOVWF  0F
0160:  INCF   0D,F
0161:  BTFSC  03.2
0162:  INCF   0F,F
0163:  BCF    03.6
0164:  GOTO   122
0165:  BSF    03.6
0166:  BCF    03.6
0167:  BTFSC  29.7
0168:  BSF    0B.7
0169:  RETURN
016A:  MOVLW  8E
016B:  MOVWF  77
016C:  MOVF   2A,W
016D:  MOVWF  78
016E:  MOVF   29,W
016F:  MOVWF  79
0170:  CLRF   7A
0171:  MOVF   78,F
0172:  BTFSS  03.2
0173:  GOTO   17E
0174:  MOVF   79,W
0175:  MOVWF  78
0176:  CLRF   79
0177:  MOVLW  08
0178:  SUBWF  77,F
0179:  MOVF   78,F
017A:  BTFSS  03.2
017B:  GOTO   17E
017C:  CLRF   77
017D:  GOTO   186
017E:  BCF    03.0
017F:  BTFSC  78.7
0180:  GOTO   185
0181:  RLF    79,F
0182:  RLF    78,F
0183:  DECF   77,F
0184:  GOTO   17E
0185:  BCF    78.7
0186:  RETURN
*
01B0:  MOVF   29,W
01B1:  BTFSC  03.2
01B2:  GOTO   275
01B3:  MOVWF  35
01B4:  MOVF   2D,W
01B5:  BTFSC  03.2
01B6:  GOTO   275
01B7:  SUBWF  35,F
01B8:  BTFSS  03.0
01B9:  GOTO   1BF
01BA:  MOVLW  7F
01BB:  ADDWF  35,F
01BC:  BTFSC  03.0
01BD:  GOTO   275
01BE:  GOTO   1C5
01BF:  MOVLW  81
01C0:  SUBWF  35,F
01C1:  BTFSS  03.0
01C2:  GOTO   275
01C3:  BTFSC  03.2
01C4:  GOTO   275
01C5:  MOVF   35,W
01C6:  MOVWF  77
01C7:  CLRF   78
01C8:  CLRF   79
01C9:  CLRF   7A
01CA:  CLRF   34
01CB:  MOVF   2A,W
01CC:  MOVWF  33
01CD:  BSF    33.7
01CE:  MOVF   2B,W
01CF:  MOVWF  32
01D0:  MOVF   2C,W
01D1:  MOVWF  31
01D2:  MOVLW  19
01D3:  MOVWF  35
01D4:  MOVF   30,W
01D5:  SUBWF  31,F
01D6:  BTFSC  03.0
01D7:  GOTO   1E8
01D8:  MOVLW  01
01D9:  SUBWF  32,F
01DA:  BTFSC  03.0
01DB:  GOTO   1E8
01DC:  SUBWF  33,F
01DD:  BTFSC  03.0
01DE:  GOTO   1E8
01DF:  SUBWF  34,F
01E0:  BTFSC  03.0
01E1:  GOTO   1E8
01E2:  INCF   34,F
01E3:  INCF   33,F
01E4:  INCF   32,F
01E5:  MOVF   30,W
01E6:  ADDWF  31,F
01E7:  GOTO   21A
01E8:  MOVF   2F,W
01E9:  SUBWF  32,F
01EA:  BTFSC  03.0
01EB:  GOTO   203
01EC:  MOVLW  01
01ED:  SUBWF  33,F
01EE:  BTFSC  03.0
01EF:  GOTO   203
01F0:  SUBWF  34,F
01F1:  BTFSC  03.0
01F2:  GOTO   203
01F3:  INCF   34,F
01F4:  INCF   33,F
01F5:  MOVF   2F,W
01F6:  ADDWF  32,F
01F7:  MOVF   30,W
01F8:  ADDWF  31,F
01F9:  BTFSS  03.0
01FA:  GOTO   21A
01FB:  INCF   32,F
01FC:  BTFSS  03.2
01FD:  GOTO   21A
01FE:  INCF   33,F
01FF:  BTFSS  03.2
0200:  GOTO   21A
0201:  INCF   34,F
0202:  GOTO   21A
0203:  MOVF   2E,W
0204:  IORLW  80
0205:  SUBWF  33,F
0206:  BTFSC  03.0
0207:  GOTO   219
0208:  MOVLW  01
0209:  SUBWF  34,F
020A:  BTFSC  03.0
020B:  GOTO   219
020C:  INCF   34,F
020D:  MOVF   2E,W
020E:  IORLW  80
020F:  ADDWF  33,F
0210:  MOVF   2F,W
0211:  ADDWF  32,F
0212:  BTFSS  03.0
0213:  GOTO   1F7
0214:  INCF   33,F
0215:  BTFSS  03.2
0216:  GOTO   1F7
0217:  INCF   34,F
0218:  GOTO   1F7
0219:  BSF    7A.0
021A:  DECFSZ 35,F
021B:  GOTO   21D
021C:  GOTO   228
021D:  BCF    03.0
021E:  RLF    31,F
021F:  RLF    32,F
0220:  RLF    33,F
0221:  RLF    34,F
0222:  BCF    03.0
0223:  RLF    7A,F
0224:  RLF    79,F
0225:  RLF    78,F
0226:  RLF    36,F
0227:  GOTO   1D4
0228:  BTFSS  36.0
0229:  GOTO   230
022A:  BCF    03.0
022B:  RRF    78,F
022C:  RRF    79,F
022D:  RRF    7A,F
022E:  RRF    36,F
022F:  GOTO   233
0230:  DECF   77,F
0231:  BTFSC  03.2
0232:  GOTO   275
0233:  BTFSC  36.7
0234:  GOTO   25C
0235:  BCF    03.0
0236:  RLF    31,F
0237:  RLF    32,F
0238:  RLF    33,F
0239:  RLF    34,F
023A:  MOVF   30,W
023B:  SUBWF  31,F
023C:  BTFSC  03.0
023D:  GOTO   248
023E:  MOVLW  01
023F:  SUBWF  32,F
0240:  BTFSC  03.0
0241:  GOTO   248
0242:  SUBWF  33,F
0243:  BTFSC  03.0
0244:  GOTO   248
0245:  SUBWF  34,F
0246:  BTFSS  03.0
0247:  GOTO   26B
0248:  MOVF   2F,W
0249:  SUBWF  32,F
024A:  BTFSC  03.0
024B:  GOTO   253
024C:  MOVLW  01
024D:  SUBWF  33,F
024E:  BTFSC  03.0
024F:  GOTO   253
0250:  SUBWF  34,F
0251:  BTFSS  03.0
0252:  GOTO   26B
0253:  MOVF   2E,W
0254:  IORLW  80
0255:  SUBWF  33,F
0256:  BTFSC  03.0
0257:  GOTO   25C
0258:  MOVLW  01
0259:  SUBWF  34,F
025A:  BTFSS  03.0
025B:  GOTO   26B
025C:  INCF   7A,F
025D:  BTFSS  03.2
025E:  GOTO   26B
025F:  INCF   79,F
0260:  BTFSS  03.2
0261:  GOTO   26B
0262:  INCF   78,F
0263:  BTFSS  03.2
0264:  GOTO   26B
0265:  INCF   77,F
0266:  BTFSC  03.2
0267:  GOTO   275
0268:  RRF    78,F
0269:  RRF    79,F
026A:  RRF    7A,F
026B:  MOVF   2A,W
026C:  MOVWF  35
026D:  MOVF   2E,W
026E:  XORWF  35,F
026F:  BTFSS  35.7
0270:  GOTO   273
0271:  BSF    78.7
0272:  GOTO   279
0273:  BCF    78.7
0274:  GOTO   279
0275:  CLRF   77
0276:  CLRF   78
0277:  CLRF   79
0278:  CLRF   7A
*
0290:  MOVF   0B,W
0291:  MOVWF  2A
0292:  BCF    0B.7
0293:  BSF    03.5
0294:  BSF    03.6
0295:  BSF    0C.7
0296:  BSF    0C.0
0297:  NOP
0298:  NOP
0299:  BTFSC  03.0
029A:  GOTO   2C2
029B:  BCF    03.5
029C:  MOVF   0C,W
029D:  ANDLW  7F
029E:  BCF    03.6
029F:  MOVWF  2B
02A0:  BSF    03.6
02A1:  MOVF   0D,W
02A2:  BCF    03.6
02A3:  MOVWF  2C
02A4:  BSF    03.6
02A5:  MOVF   0F,W
02A6:  BCF    03.6
02A7:  MOVWF  2D
02A8:  MOVF   2B,W
02A9:  MOVWF  36
02AA:  CALL   0F3
02AB:  MOVF   2C,W
02AC:  BSF    03.6
02AD:  MOVWF  0D
02AE:  BCF    03.6
02AF:  MOVF   2D,W
02B0:  BSF    03.6
02B1:  MOVWF  0F
02B2:  BSF    03.5
02B3:  BSF    0C.7
02B4:  BSF    0C.0
02B5:  NOP
02B6:  NOP
02B7:  BCF    03.5
02B8:  BCF    03.6
02B9:  DECFSZ 29,F
02BA:  GOTO   2BC
02BB:  GOTO   2BF
02BC:  BSF    03.5
02BD:  BSF    03.6
02BE:  GOTO   2C2
02BF:  GOTO   2E1
02C0:  BSF    03.5
02C1:  BSF    03.6
02C2:  BCF    03.5
02C3:  RLF    0C,W
02C4:  RLF    0E,W
02C5:  ANDLW  7F
02C6:  BCF    03.6
02C7:  MOVWF  2B
02C8:  BSF    03.6
02C9:  MOVF   0D,W
02CA:  BCF    03.6
02CB:  MOVWF  2C
02CC:  BSF    03.6
02CD:  MOVF   0F,W
02CE:  BCF    03.6
02CF:  MOVWF  2D
02D0:  MOVF   2B,W
02D1:  MOVWF  36
02D2:  CALL   0F3
02D3:  MOVF   2C,W
02D4:  BSF    03.6
02D5:  MOVWF  0D
02D6:  BCF    03.6
02D7:  MOVF   2D,W
02D8:  BSF    03.6
02D9:  MOVWF  0F
02DA:  INCF   0D,F
02DB:  BTFSC  03.2
02DC:  INCF   0F,F
02DD:  BCF    03.0
02DE:  BCF    03.6
02DF:  DECFSZ 29,F
02E0:  GOTO   293
02E1:  BTFSC  2A.7
02E2:  BSF    0B.7
02E3:  RETURN
02E4:  BTFSC  03.1
02E5:  GOTO   2E9
02E6:  MOVLW  3E
02E7:  MOVWF  04
02E8:  BCF    03.7
02E9:  CLRF   77
02EA:  CLRF   78
02EB:  CLRF   79
02EC:  CLRF   7A
02ED:  CLRF   3E
02EE:  CLRF   3F
02EF:  CLRF   40
02F0:  CLRF   41
02F1:  MOVF   3D,W
02F2:  IORWF  3C,W
02F3:  IORWF  3B,W
02F4:  IORWF  3A,W
02F5:  BTFSC  03.2
02F6:  GOTO   327
02F7:  MOVLW  20
02F8:  MOVWF  42
02F9:  BCF    03.0
02FA:  RLF    36,F
02FB:  RLF    37,F
02FC:  RLF    38,F
02FD:  RLF    39,F
02FE:  RLF    3E,F
02FF:  RLF    3F,F
0300:  RLF    40,F
0301:  RLF    41,F
0302:  MOVF   3D,W
0303:  SUBWF  41,W
0304:  BTFSS  03.2
0305:  GOTO   310
0306:  MOVF   3C,W
0307:  SUBWF  40,W
0308:  BTFSS  03.2
0309:  GOTO   310
030A:  MOVF   3B,W
030B:  SUBWF  3F,W
030C:  BTFSS  03.2
030D:  GOTO   310
030E:  MOVF   3A,W
030F:  SUBWF  3E,W
0310:  BTFSS  03.0
0311:  GOTO   321
0312:  MOVF   3A,W
0313:  SUBWF  3E,F
0314:  MOVF   3B,W
0315:  BTFSS  03.0
0316:  INCFSZ 3B,W
0317:  SUBWF  3F,F
0318:  MOVF   3C,W
0319:  BTFSS  03.0
031A:  INCFSZ 3C,W
031B:  SUBWF  40,F
031C:  MOVF   3D,W
031D:  BTFSS  03.0
031E:  INCFSZ 3D,W
031F:  SUBWF  41,F
0320:  BSF    03.0
0321:  RLF    77,F
0322:  RLF    78,F
0323:  RLF    79,F
0324:  RLF    7A,F
0325:  DECFSZ 42,F
0326:  GOTO   2F9
0327:  MOVF   3E,W
0328:  MOVWF  00
0329:  INCF   04,F
032A:  MOVF   3F,W
032B:  MOVWF  00
032C:  INCF   04,F
032D:  MOVF   40,W
032E:  MOVWF  00
032F:  INCF   04,F
0330:  MOVF   41,W
0331:  MOVWF  00
0332:  RETURN
0333:  MOVF   04,W
0334:  MOVWF  2E
0335:  MOVF   2D,W
0336:  MOVWF  30
0337:  BTFSC  03.2
0338:  GOTO   3C5
0339:  MOVF   2C,W
033A:  MOVWF  39
033B:  MOVF   2B,W
033C:  MOVWF  38
033D:  MOVF   2A,W
033E:  MOVWF  37
033F:  MOVF   29,W
0340:  MOVWF  36
0341:  CLRF   3D
0342:  CLRF   3C
0343:  MOVLW  20
0344:  MOVWF  3B
0345:  MOVLW  82
0346:  MOVWF  3A
0347:  MOVF   36,W
0348:  BTFSC  03.2
0349:  GOTO   3B7
034A:  MOVWF  3E
034B:  MOVF   3A,W
034C:  BTFSC  03.2
034D:  GOTO   3B7
034E:  ADDWF  3E,F
034F:  BTFSC  03.0
0350:  GOTO   358
0351:  MOVLW  7F
0352:  SUBWF  3E,F
0353:  BTFSS  03.0
0354:  GOTO   3B7
0355:  BTFSC  03.2
0356:  GOTO   3B7
0357:  GOTO   35C
0358:  MOVLW  81
0359:  ADDWF  3E,F
035A:  BTFSC  03.0
035B:  GOTO   3B7
035C:  MOVF   3E,W
035D:  MOVWF  77
035E:  CLRF   78
035F:  CLRF   79
0360:  CLRF   7A
0361:  MOVF   37,W
0362:  MOVWF  42
0363:  BSF    42.7
0364:  MOVF   38,W
0365:  MOVWF  41
0366:  MOVF   39,W
0367:  MOVWF  40
0368:  MOVLW  18
0369:  MOVWF  3E
036A:  CLRF   3F
036B:  BTFSS  40.0
036C:  GOTO   385
036D:  MOVF   3D,W
036E:  ADDWF  7A,F
036F:  BTFSS  03.0
0370:  GOTO   377
0371:  INCF   79,F
0372:  BTFSS  03.2
0373:  GOTO   377
0374:  INCF   78,F
0375:  BTFSC  03.2
0376:  BSF    3F.7
0377:  MOVF   3C,W
0378:  ADDWF  79,F
0379:  BTFSS  03.0
037A:  GOTO   37E
037B:  INCF   78,F
037C:  BTFSC  03.2
037D:  BSF    3F.7
037E:  MOVF   3B,W
037F:  MOVWF  38
0380:  BSF    38.7
0381:  MOVF   38,W
0382:  ADDWF  78,F
0383:  BTFSC  03.0
0384:  BSF    3F.7
0385:  RLF    3F,F
0386:  RRF    78,F
0387:  RRF    79,F
0388:  RRF    7A,F
0389:  RRF    42,F
038A:  RRF    41,F
038B:  RRF    40,F
038C:  BCF    03.0
038D:  DECFSZ 3E,F
038E:  GOTO   36A
038F:  MOVLW  01
0390:  ADDWF  77,F
0391:  BTFSC  03.0
0392:  GOTO   3B7
0393:  BTFSC  78.7
0394:  GOTO   39C
0395:  RLF    42,F
0396:  RLF    7A,F
0397:  RLF    79,F
0398:  RLF    78,F
0399:  DECF   77,F
039A:  BTFSC  03.2
039B:  GOTO   3B7
039C:  BTFSS  42.7
039D:  GOTO   3AD
039E:  INCF   7A,F
039F:  BTFSS  03.2
03A0:  GOTO   3AD
03A1:  INCF   79,F
03A2:  BTFSS  03.2
03A3:  GOTO   3AD
03A4:  INCF   78,F
03A5:  BTFSS  03.2
03A6:  GOTO   3AD
03A7:  RRF    78,F
03A8:  RRF    79,F
03A9:  RRF    7A,F
03AA:  INCF   77,F
03AB:  BTFSC  03.2
03AC:  GOTO   3B7
03AD:  MOVF   37,W
03AE:  MOVWF  3F
03AF:  MOVF   3B,W
03B0:  XORWF  3F,F
03B1:  BTFSS  3F.7
03B2:  GOTO   3B5
03B3:  BSF    78.7
03B4:  GOTO   3BB
03B5:  BCF    78.7
03B6:  GOTO   3BB
03B7:  CLRF   77
03B8:  CLRF   78
03B9:  CLRF   79
03BA:  CLRF   7A
03BB:  MOVF   7A,W
03BC:  MOVWF  2C
03BD:  MOVF   79,W
03BE:  MOVWF  2B
03BF:  MOVF   78,W
03C0:  MOVWF  2A
03C1:  MOVF   77,W
03C2:  MOVWF  29
03C3:  DECFSZ 30,F
03C4:  GOTO   339
03C5:  MOVF   2C,W
03C6:  MOVWF  39
03C7:  MOVF   2B,W
03C8:  MOVWF  38
03C9:  MOVF   2A,W
03CA:  MOVWF  37
03CB:  MOVF   29,W
03CC:  MOVWF  36
03CD:  MOVF   36,W
03CE:  SUBLW  B6
03CF:  MOVWF  36
03D0:  CLRF   7A
03D1:  MOVF   37,W
03D2:  MOVWF  3A
03D3:  BSF    37.7
03D4:  BCF    03.0
03D5:  RRF    37,F
03D6:  RRF    38,F
03D7:  RRF    39,F
03D8:  RRF    7A,F
03D9:  RRF    79,F
03DA:  RRF    78,F
03DB:  RRF    77,F
03DC:  DECFSZ 36,F
03DD:  GOTO   3D4
03DE:  BTFSS  3A.7
03DF:  GOTO   3EB
03E0:  COMF   77,F
03E1:  COMF   78,F
03E2:  COMF   79,F
03E3:  COMF   7A,F
03E4:  INCF   77,F
03E5:  BTFSC  03.2
03E6:  INCF   78,F
03E7:  BTFSC  03.2
03E8:  INCF   79,F
03E9:  BTFSC  03.2
03EA:  INCF   7A,F
03EB:  MOVF   7A,W
03EC:  MOVWF  2C
03ED:  MOVF   79,W
03EE:  MOVWF  2B
03EF:  MOVF   78,W
03F0:  MOVWF  2A
03F1:  MOVF   77,W
03F2:  MOVWF  29
03F3:  BTFSS  2C.7
03F4:  GOTO   402
03F5:  DECF   2E,F
03F6:  BSF    2E.5
03F7:  COMF   29,F
03F8:  COMF   2A,F
03F9:  COMF   2B,F
03FA:  COMF   2C,F
03FB:  INCF   29,F
03FC:  BTFSC  03.2
03FD:  INCF   2A,F
03FE:  BTFSC  03.2
03FF:  INCF   2B,F
0400:  BTFSC  03.2
0401:  INCF   2C,F
0402:  MOVLW  3B
0403:  MOVWF  35
0404:  MOVLW  9A
0405:  MOVWF  34
0406:  MOVLW  CA
0407:  MOVWF  33
0408:  CLRF   32
0409:  MOVLW  0A
040A:  MOVWF  30
040B:  MOVF   2D,W
040C:  BTFSC  03.2
040D:  INCF   2E,F
040E:  BSF    03.1
040F:  MOVLW  29
0410:  MOVWF  04
0411:  BCF    03.7
0412:  MOVF   2C,W
0413:  MOVWF  39
0414:  MOVF   2B,W
0415:  MOVWF  38
0416:  MOVF   2A,W
0417:  MOVWF  37
0418:  MOVF   29,W
0419:  MOVWF  36
041A:  MOVF   35,W
041B:  MOVWF  3D
041C:  MOVF   34,W
041D:  MOVWF  3C
041E:  MOVF   33,W
041F:  MOVWF  3B
0420:  MOVF   32,W
0421:  MOVWF  3A
0422:  CALL   2E4
0423:  MOVF   78,W
0424:  MOVF   77,F
0425:  BTFSS  03.2
0426:  GOTO   43A
0427:  INCF   2D,W
0428:  SUBWF  30,W
0429:  BTFSC  03.2
042A:  GOTO   43A
042B:  MOVF   2E,W
042C:  BTFSC  03.2
042D:  GOTO   43C
042E:  ANDLW  0F
042F:  SUBWF  30,W
0430:  BTFSC  03.2
0431:  GOTO   434
0432:  BTFSC  03.0
0433:  GOTO   46C
0434:  BTFSC  2E.7
0435:  GOTO   46C
0436:  BTFSC  2E.6
0437:  GOTO   43C
0438:  MOVLW  20
0439:  GOTO   468
043A:  MOVLW  20
043B:  ANDWF  2E,F
043C:  BTFSS  2E.5
043D:  GOTO   44A
043E:  BCF    2E.5
043F:  MOVF   2D,W
0440:  BTFSS  03.2
0441:  DECF   2E,F
0442:  MOVF   77,W
0443:  MOVWF  2E
0444:  MOVLW  2D
0445:  MOVWF  36
0446:  CALL   0F3
0447:  MOVF   2E,W
0448:  MOVWF  77
0449:  CLRF   2E
044A:  MOVF   2D,W
044B:  SUBWF  30,W
044C:  BTFSS  03.2
044D:  GOTO   458
044E:  MOVF   77,W
044F:  MOVWF  2E
0450:  MOVLW  2E
0451:  MOVWF  36
0452:  CALL   0F3
0453:  MOVF   2E,W
0454:  MOVWF  77
0455:  MOVLW  20
0456:  ANDWF  2E,F
0457:  MOVLW  00
0458:  MOVLW  30
0459:  BTFSS  2E.5
045A:  GOTO   468
045B:  BCF    2E.5
045C:  MOVF   2D,W
045D:  BTFSS  03.2
045E:  DECF   2E,F
045F:  MOVF   77,W
0460:  MOVWF  2E
0461:  MOVLW  2D
0462:  MOVWF  36
0463:  CALL   0F3
0464:  MOVF   2E,W
0465:  MOVWF  77
0466:  CLRF   2E
0467:  MOVLW  30
0468:  ADDWF  77,F
0469:  MOVF   77,W
046A:  MOVWF  36
046B:  CALL   0F3
046C:  BCF    03.1
046D:  MOVF   35,W
046E:  MOVWF  39
046F:  MOVF   34,W
0470:  MOVWF  38
0471:  MOVF   33,W
0472:  MOVWF  37
0473:  MOVF   32,W
0474:  MOVWF  36
0475:  CLRF   3D
0476:  CLRF   3C
0477:  CLRF   3B
0478:  MOVLW  0A
0479:  MOVWF  3A
047A:  CALL   2E4
047B:  MOVF   7A,W
047C:  MOVWF  35
047D:  MOVF   79,W
047E:  MOVWF  34
047F:  MOVF   78,W
0480:  MOVWF  33
0481:  MOVF   77,W
0482:  MOVWF  32
0483:  DECFSZ 30,F
0484:  GOTO   40E
0485:  BCF    0A.3
0486:  BCF    0A.4
0487:  GOTO   60B (RETURN)
0488:  MOVF   2A,W
0489:  MOVWF  31
048A:  MOVF   2E,W
048B:  XORWF  31,F
048C:  BTFSS  31.7
048D:  GOTO   493
048E:  BCF    03.2
048F:  BCF    03.0
0490:  BTFSC  2A.7
0491:  BSF    03.0
0492:  GOTO   4C6
0493:  MOVF   2A,W
0494:  MOVWF  31
0495:  MOVF   2D,W
0496:  MOVWF  32
0497:  MOVF   29,W
0498:  SUBWF  32,F
0499:  BTFSC  03.2
049A:  GOTO   4A1
049B:  BTFSS  31.7
049C:  GOTO   4C6
049D:  MOVF   03,W
049E:  XORLW  01
049F:  MOVWF  03
04A0:  GOTO   4C6
04A1:  MOVF   2E,W
04A2:  MOVWF  32
04A3:  MOVF   2A,W
04A4:  SUBWF  32,F
04A5:  BTFSC  03.2
04A6:  GOTO   4AD
04A7:  BTFSS  31.7
04A8:  GOTO   4C6
04A9:  MOVF   03,W
04AA:  XORLW  01
04AB:  MOVWF  03
04AC:  GOTO   4C6
04AD:  MOVF   2F,W
04AE:  MOVWF  32
04AF:  MOVF   2B,W
04B0:  SUBWF  32,F
04B1:  BTFSC  03.2
04B2:  GOTO   4B9
04B3:  BTFSS  31.7
04B4:  GOTO   4C6
04B5:  MOVF   03,W
04B6:  XORLW  01
04B7:  MOVWF  03
04B8:  GOTO   4C6
04B9:  MOVF   30,W
04BA:  MOVWF  32
04BB:  MOVF   2C,W
04BC:  SUBWF  32,F
04BD:  BTFSC  03.2
04BE:  GOTO   4C5
04BF:  BTFSS  31.7
04C0:  GOTO   4C6
04C1:  MOVF   03,W
04C2:  XORLW  01
04C3:  MOVWF  03
04C4:  GOTO   4C6
04C5:  BCF    03.0
04C6:  BCF    0A.3
04C7:  BCF    0A.4
04C8:  GOTO   620 (RETURN)
04C9:  MOVF   30,W
04CA:  CLRF   78
04CB:  SUBWF  2F,W
04CC:  BTFSC  03.0
04CD:  GOTO   4D1
04CE:  MOVF   2F,W
04CF:  MOVWF  77
04D0:  GOTO   4DD
04D1:  CLRF   77
04D2:  MOVLW  08
04D3:  MOVWF  31
04D4:  RLF    2F,F
04D5:  RLF    77,F
04D6:  MOVF   30,W
04D7:  SUBWF  77,W
04D8:  BTFSC  03.0
04D9:  MOVWF  77
04DA:  RLF    78,F
04DB:  DECFSZ 31,F
04DC:  GOTO   4D4
04DD:  RETURN
04DE:  MOVLW  20
04DF:  BTFSS  2A.4
04E0:  MOVLW  30
04E1:  MOVWF  2B
04E2:  MOVF   29,W
04E3:  MOVWF  77
04E4:  BTFSS  29.7
04E5:  GOTO   4EE
04E6:  COMF   77,F
04E7:  INCF   77,F
04E8:  MOVF   77,W
04E9:  MOVWF  29
04EA:  MOVLW  2D
04EB:  MOVWF  2B
04EC:  BSF    2A.7
04ED:  BSF    2A.0
04EE:  MOVF   29,W
04EF:  MOVWF  2F
04F0:  MOVLW  64
04F1:  MOVWF  30
04F2:  CALL   4C9
04F3:  MOVF   77,W
04F4:  MOVWF  29
04F5:  MOVLW  30
04F6:  ADDWF  78,W
04F7:  MOVWF  2C
04F8:  MOVF   29,W
04F9:  MOVWF  2F
04FA:  MOVLW  0A
04FB:  MOVWF  30
04FC:  CALL   4C9
04FD:  MOVLW  30
04FE:  ADDWF  77,W
04FF:  MOVWF  2E
0500:  MOVLW  30
0501:  ADDWF  78,W
0502:  MOVWF  2D
0503:  MOVF   2B,W
0504:  MOVWF  77
0505:  MOVLW  30
0506:  SUBWF  2C,W
0507:  BTFSC  03.2
0508:  GOTO   50D
0509:  BSF    2A.1
050A:  BTFSC  2A.7
050B:  BSF    2A.2
050C:  GOTO   521
050D:  MOVF   2B,W
050E:  MOVWF  2C
050F:  MOVLW  20
0510:  MOVWF  2B
0511:  MOVLW  30
0512:  SUBWF  2D,W
0513:  BTFSC  03.2
0514:  GOTO   519
0515:  BSF    2A.0
0516:  BTFSC  2A.7
0517:  BSF    2A.1
0518:  GOTO   521
0519:  BTFSS  03.2
051A:  BSF    2A.0
051B:  BTFSS  03.2
051C:  GOTO   521
051D:  MOVF   2C,W
051E:  MOVWF  2D
051F:  MOVLW  20
0520:  MOVWF  2C
0521:  BTFSC  2A.2
0522:  GOTO   528
0523:  BTFSC  2A.1
0524:  GOTO   52B
0525:  BTFSC  2A.0
0526:  GOTO   52E
0527:  GOTO   531
0528:  MOVF   2B,W
0529:  MOVWF  36
052A:  CALL   0F3
052B:  MOVF   2C,W
052C:  MOVWF  36
052D:  CALL   0F3
052E:  MOVF   2D,W
052F:  MOVWF  36
0530:  CALL   0F3
0531:  MOVF   2E,W
0532:  MOVWF  36
0533:  CALL   0F3
0534:  BCF    0A.3
0535:  BCF    0A.4
0536:  GOTO   66F (RETURN)
....................  
.................... #list 
....................  
.................... #device ADC=10 
.................... #fuses XT,NOWDT,NOPROTECT,NOBROWNOUT,NOLVP,NOPUT,NOWRT,NODEBUG,NOCPD 
.................... #use delay(clock = 4000000) 
*
0047:  MOVLW  37
0048:  MOVWF  04
0049:  BCF    03.7
004A:  MOVF   00,W
004B:  BTFSC  03.2
004C:  GOTO   05B
004D:  MOVLW  01
004E:  MOVWF  78
004F:  CLRF   77
0050:  DECFSZ 77,F
0051:  GOTO   050
0052:  DECFSZ 78,F
0053:  GOTO   04F
0054:  MOVLW  4A
0055:  MOVWF  77
0056:  DECFSZ 77,F
0057:  GOTO   056
0058:  GOTO   059
0059:  DECFSZ 00,F
005A:  GOTO   04D
005B:  RETURN
.................... #use fast_io(a) 
.................... #define use_portb_lcd TRUE 
.................... #include <lcd.c> 
.................... /////////////////////////////////////////////////////////////////////////////// 
.................... ////                             LCD.C                                     //// 
.................... ////                 Driver for common LCD modules                         //// 
.................... ////                                                                       //// 
.................... ////  lcd_init()   Must be called before any other function.               //// 
.................... ////                                                                       //// 
.................... ////  lcd_putc(c)  Will display c on the next position of the LCD.         //// 
.................... ////                 \a  Set cursor position to upper left                 //// 
.................... ////                 \f  Clear display, set cursor to upper left           //// 
.................... ////                 \n  Go to start of second line                        //// 
.................... ////                 \b  Move back one position                            //// 
.................... ////              If LCD_EXTENDED_NEWLINE is defined, the \n character     //// 
.................... ////              will erase all remanining characters on the current      //// 
.................... ////              line, and move the cursor to the beginning of the next   //// 
.................... ////              line.                                                    //// 
.................... ////              If LCD_EXTENDED_NEWLINE is defined, the \r character     //// 
.................... ////              will move the cursor to the start of the current         //// 
.................... ////              line.                                                    //// 
.................... ////                                                                       //// 
.................... ////  lcd_gotoxy(x,y) Set write position on LCD (upper left is 1,1)        //// 
.................... ////                                                                       //// 
.................... ////  lcd_getc(x,y)   Returns character at position x,y on LCD             //// 
.................... ////                                                                       //// 
.................... ////  lcd_cursor_on(int1 on)   Turn the cursor on (on=TRUE) or off         //// 
.................... ////              (on=FALSE).                                              //// 
.................... ////                                                                       //// 
.................... ////  lcd_set_cgram_char(w, *p)   Write a custom character to the CGRAM.   //// 
.................... ////                                                                       //// 
.................... ////                                                                       //// 
.................... ////  CONFIGURATION                                                        //// 
.................... ////  The LCD can be configured in one of two ways: a.) port access or     //// 
.................... ////  b.) pin access.  Port access requires the entire 7 bit interface     //// 
.................... ////  connected to one GPIO port, and the data bits (D4:D7 of the LCD)     //// 
.................... ////  connected to sequential pins on the GPIO.  Pin access                //// 
.................... ////  has no requirements, all 7 bits of the control interface can         //// 
.................... ////  can be connected to any GPIO using several ports.                    //// 
.................... ////                                                                       //// 
.................... ////  To use port access, #define LCD_DATA_PORT to the SFR location of     //// 
.................... ////  of the GPIO port that holds the interface, -AND- edit LCD_PIN_MAP    //// 
.................... ////  of this file to configure the pin order.  If you are using a         //// 
.................... ////  baseline PIC (PCB), then LCD_OUTPUT_MAP and LCD_INPUT_MAP also must  //// 
.................... ////  be defined.                                                          //// 
.................... ////                                                                       //// 
.................... ////  Example of port access:                                              //// 
.................... ////     #define LCD_DATA_PORT getenv("SFR:PORTD")                         //// 
.................... ////                                                                       //// 
.................... ////  To use pin access, the following pins must be defined:               //// 
.................... ////     LCD_ENABLE_PIN                                                    //// 
.................... ////     LCD_RS_PIN                                                        //// 
.................... ////     LCD_RW_PIN                                                        //// 
.................... ////     LCD_DATA4                                                         //// 
.................... ////     LCD_DATA5                                                         //// 
.................... ////     LCD_DATA6                                                         //// 
.................... ////     LCD_DATA7                                                         //// 
.................... ////                                                                       //// 
.................... ////  Example of pin access:                                               //// 
.................... ////     #define LCD_ENABLE_PIN  PIN_E0                                    //// 
.................... ////     #define LCD_RS_PIN      PIN_E1                                    //// 
.................... ////     #define LCD_RW_PIN      PIN_E2                                    //// 
.................... ////     #define LCD_DATA4       PIN_D4                                    //// 
.................... ////     #define LCD_DATA5       PIN_D5                                    //// 
.................... ////     #define LCD_DATA6       PIN_D6                                    //// 
.................... ////     #define LCD_DATA7       PIN_D7                                    //// 
.................... ////                                                                       //// 
.................... /////////////////////////////////////////////////////////////////////////////// 
.................... ////        (C) Copyright 1996,2010 Custom Computer Services           //// 
.................... //// This source code may only be used by licensed users of the CCS C  //// 
.................... //// compiler.  This source code may only be distributed to other      //// 
.................... //// licensed users of the CCS C compiler.  No other use, reproduction //// 
.................... //// or distribution is permitted without written permission.          //// 
.................... //// Derivative programs created using this software in object code    //// 
.................... //// form are not restricted in any way.                               //// 
.................... /////////////////////////////////////////////////////////////////////////// 
....................  
.................... #ifndef __LCD_C__ 
.................... #define __LCD_C__ 
....................  
.................... // define the pinout. 
.................... // only required if port access is being used. 
.................... typedef struct   
.................... {                            // This structure is overlayed 
....................    int1 enable;           // on to an I/O port to gain 
....................    int1 rs;               // access to the LCD pins. 
....................    int1 rw;               // The bits are allocated from 
....................    int1 unused;           // low order up.  ENABLE will 
....................    unsigned int     data : 4;         // be LSB pin of that port. 
....................   #if defined(__PCD__)       // The port used will be LCD_DATA_PORT. 
....................    unsigned int    reserved: 8; 
....................   #endif 
.................... } LCD_PIN_MAP; 
....................  
.................... // this is to improve compatability with previous LCD drivers that accepted 
.................... // a define labeled 'use_portb_lcd' that configured the LCD onto port B. 
.................... #if ((defined(use_portb_lcd)) && (use_portb_lcd==TRUE)) 
....................  #define LCD_DATA_PORT getenv("SFR:PORTB") 
.................... #endif 
....................  
.................... #if defined(__PCB__) 
....................    // these definitions only need to be modified for baseline PICs. 
....................    // all other PICs use LCD_PIN_MAP or individual LCD_xxx pin definitions. 
.................... /*                                    EN, RS,   RW,   UNUSED,  DATA  */ 
....................  const LCD_PIN_MAP LCD_OUTPUT_MAP =  {0,  0,    0,    0,       0}; 
....................  const LCD_PIN_MAP LCD_INPUT_MAP =   {0,  0,    0,    0,       0xF}; 
.................... #endif 
....................  
.................... ////////////////////// END CONFIGURATION /////////////////////////////////// 
....................  
.................... #ifndef LCD_ENABLE_PIN 
....................    #define lcd_output_enable(x) lcdlat.enable=x 
....................    #define lcd_enable_tris()   lcdtris.enable=0 
.................... #else 
....................    #define lcd_output_enable(x) output_bit(LCD_ENABLE_PIN, x) 
....................    #define lcd_enable_tris()  output_drive(LCD_ENABLE_PIN) 
.................... #endif 
....................  
.................... #ifndef LCD_RS_PIN 
....................    #define lcd_output_rs(x) lcdlat.rs=x 
....................    #define lcd_rs_tris()   lcdtris.rs=0 
.................... #else 
....................    #define lcd_output_rs(x) output_bit(LCD_RS_PIN, x) 
....................    #define lcd_rs_tris()  output_drive(LCD_RS_PIN) 
.................... #endif 
....................  
.................... #ifndef LCD_RW_PIN 
....................    #define lcd_output_rw(x) lcdlat.rw=x 
....................    #define lcd_rw_tris()   lcdtris.rw=0 
.................... #else 
....................    #define lcd_output_rw(x) output_bit(LCD_RW_PIN, x) 
....................    #define lcd_rw_tris()  output_drive(LCD_RW_PIN) 
.................... #endif 
....................  
.................... // original version of this library incorrectly labeled LCD_DATA0 as LCD_DATA4, 
.................... // LCD_DATA1 as LCD_DATA5, and so on.  this block of code makes the driver 
.................... // compatible with any code written for the original library 
.................... #if (defined(LCD_DATA0) && defined(LCD_DATA1) && defined(LCD_DATA2) && defined(LCD_DATA3) && !defined(LCD_DATA4) && !defined(LCD_DATA5) && !defined(LCD_DATA6) && !defined(LCD_DATA7)) 
....................    #define  LCD_DATA4    LCD_DATA0 
....................    #define  LCD_DATA5    LCD_DATA1 
....................    #define  LCD_DATA6    LCD_DATA2 
....................    #define  LCD_DATA7    LCD_DATA3 
.................... #endif 
....................  
.................... #ifndef LCD_DATA4 
.................... #ifndef LCD_DATA_PORT 
....................    #if defined(__PCB__) 
....................       #define LCD_DATA_PORT      0x06     //portb 
....................       #define set_tris_lcd(x)   set_tris_b(x) 
....................    #else 
....................      #if defined(PIN_D0) 
....................       #define LCD_DATA_PORT      getenv("SFR:PORTD")     //portd 
....................      #else 
....................       #define LCD_DATA_PORT      getenv("SFR:PORTB")     //portb 
....................      #endif 
....................    #endif    
.................... #endif 
....................  
.................... #if defined(__PCB__) 
....................    LCD_PIN_MAP lcd, lcdlat; 
....................    #byte lcd = LCD_DATA_PORT 
....................    #byte lcdlat = LCD_DATA_PORT 
.................... #elif defined(__PCM__) 
....................    LCD_PIN_MAP lcd, lcdlat, lcdtris; 
....................    #byte lcd = LCD_DATA_PORT 
....................    #byte lcdlat = LCD_DATA_PORT 
....................    #byte lcdtris = LCD_DATA_PORT+0x80 
.................... #elif defined(__PCH__) 
....................    LCD_PIN_MAP lcd, lcdlat, lcdtris; 
....................    #byte lcd = LCD_DATA_PORT 
....................    #byte lcdlat = LCD_DATA_PORT+9 
....................    #byte lcdtris = LCD_DATA_PORT+0x12 
.................... #elif defined(__PCD__) 
....................    LCD_PIN_MAP lcd, lcdlat, lcdtris; 
....................    #word lcd = LCD_DATA_PORT 
....................    #word lcdlat = LCD_DATA_PORT+2 
....................    #word lcdtris = LCD_DATA_PORT-0x02 
.................... #endif 
.................... #endif   //LCD_DATA4 not defined 
....................  
.................... #ifndef LCD_TYPE 
....................    #define LCD_TYPE 2           // 0=5x7, 1=5x10, 2=2 lines 
.................... #endif 
....................  
.................... #ifndef LCD_LINE_TWO 
....................    #define LCD_LINE_TWO 0x40    // LCD RAM address for the second line 
.................... #endif 
....................  
.................... #ifndef LCD_LINE_LENGTH 
....................    #define LCD_LINE_LENGTH 20 
.................... #endif 
....................  
.................... unsigned int8 const LCD_INIT_STRING[4] = {0x20 | (LCD_TYPE << 2), 0xc, 1, 6}; 
....................                              // These bytes need to be sent to the LCD 
....................                              // to start it up. 
....................  
.................... unsigned int8 lcd_read_nibble(void); 
....................  
.................... unsigned int8 lcd_read_byte(void) 
.................... { 
....................    unsigned int8 low,high; 
....................  
....................  #if defined(__PCB__) 
....................    set_tris_lcd(LCD_INPUT_MAP); 
....................  #else 
....................   #if (defined(LCD_DATA4) && defined(LCD_DATA5) && defined(LCD_DATA6) && defined(LCD_DATA7)) 
....................    output_float(LCD_DATA4); 
....................    output_float(LCD_DATA5); 
....................    output_float(LCD_DATA6); 
....................    output_float(LCD_DATA7); 
....................   #else 
....................    lcdtris.data = 0xF; 
*
0074:  MOVLW  0F
0075:  BSF    03.5
0076:  ANDWF  06,W
0077:  IORLW  F0
0078:  MOVWF  06
....................   #endif 
....................  #endif 
....................          
....................    lcd_output_rw(1); 
0079:  BCF    03.5
007A:  BSF    06.2
....................    delay_cycles(1); 
007B:  NOP
....................    lcd_output_enable(1); 
007C:  BSF    06.0
....................    delay_cycles(1); 
007D:  NOP
....................    high = lcd_read_nibble(); 
007E:  CALL   068
007F:  MOVF   78,W
0080:  MOVWF  3E
....................        
....................    lcd_output_enable(0); 
0081:  BCF    06.0
....................    delay_cycles(1); 
0082:  NOP
....................    lcd_output_enable(1); 
0083:  BSF    06.0
....................    delay_us(1); 
0084:  NOP
....................    low = lcd_read_nibble(); 
0085:  CALL   068
0086:  MOVF   78,W
0087:  MOVWF  3D
....................        
....................    lcd_output_enable(0); 
0088:  BCF    06.0
....................  
....................  #if defined(__PCB__) 
....................    set_tris_lcd(LCD_OUTPUT_MAP); 
....................  #else 
....................   #if (defined(LCD_DATA4) && defined(LCD_DATA5) && defined(LCD_DATA6) && defined(LCD_DATA7)) 
....................    output_drive(LCD_DATA4); 
....................    output_drive(LCD_DATA5); 
....................    output_drive(LCD_DATA6); 
....................    output_drive(LCD_DATA7); 
....................   #else 
....................    lcdtris.data = 0x0; 
0089:  MOVLW  0F
008A:  BSF    03.5
008B:  ANDWF  06,W
008C:  MOVWF  06
....................   #endif 
....................  #endif 
....................  
....................    return( (high<<4) | low); 
008D:  BCF    03.5
008E:  SWAPF  3E,W
008F:  MOVWF  77
0090:  MOVLW  F0
0091:  ANDWF  77,F
0092:  MOVF   77,W
0093:  IORWF  3D,W
0094:  MOVWF  78
.................... } 
....................  
.................... unsigned int8 lcd_read_nibble(void) 
.................... { 
....................   #if (defined(LCD_DATA4) && defined(LCD_DATA5) && defined(LCD_DATA6) && defined(LCD_DATA7)) 
....................    unsigned int8 n = 0x00; 
....................  
....................    /* Read the data port */ 
....................    n |= input(LCD_DATA4); 
....................    n |= input(LCD_DATA5) << 1; 
....................    n |= input(LCD_DATA6) << 2; 
....................    n |= input(LCD_DATA7) << 3; 
....................     
....................    return(n); 
....................   #else 
....................    return(lcd.data); 
*
0068:  MOVF   06,W
0069:  MOVWF  77
006A:  SWAPF  06,W
006B:  ANDLW  0F
006C:  MOVWF  78
....................   #endif 
006D:  RETURN
.................... } 
....................  
.................... void lcd_send_nibble(unsigned int8 n) 
.................... { 
....................   #if (defined(LCD_DATA4) && defined(LCD_DATA5) && defined(LCD_DATA6) && defined(LCD_DATA7)) 
....................    /* Write to the data port */ 
....................    output_bit(LCD_DATA4, bit_test(n, 0)); 
....................    output_bit(LCD_DATA5, bit_test(n, 1)); 
....................    output_bit(LCD_DATA6, bit_test(n, 2)); 
....................    output_bit(LCD_DATA7, bit_test(n, 3)); 
....................   #else       
....................    lcdlat.data = n; 
*
005C:  SWAPF  3E,W
005D:  ANDLW  F0
005E:  MOVWF  77
005F:  MOVLW  0F
0060:  ANDWF  06,W
0061:  IORWF  77,W
0062:  MOVWF  06
....................   #endif 
....................        
....................    delay_cycles(1); 
0063:  NOP
....................    lcd_output_enable(1); 
0064:  BSF    06.0
....................    delay_us(2); 
0065:  GOTO   066
....................    lcd_output_enable(0); 
0066:  BCF    06.0
0067:  RETURN
.................... } 
....................  
.................... void lcd_send_byte(unsigned int8 address, unsigned int8 n) 
.................... { 
....................   #if defined(__PCB__) 
....................    set_tris_lcd(LCD_OUTPUT_MAP); 
....................   #else 
....................    lcd_enable_tris(); 
*
006E:  BSF    03.5
006F:  BCF    06.0
....................    lcd_rs_tris(); 
0070:  BCF    06.1
....................    lcd_rw_tris(); 
0071:  BCF    06.2
....................   #endif 
....................  
....................    lcd_output_rs(0); 
0072:  BCF    03.5
0073:  BCF    06.1
....................    while ( bit_test(lcd_read_byte(),7) ) ; 
*
0095:  MOVF   78,W
0096:  MOVWF  3D
0097:  BTFSC  3D.7
0098:  GOTO   074
....................    lcd_output_rs(address); 
0099:  BTFSS  3B.0
009A:  BCF    06.1
009B:  BTFSC  3B.0
009C:  BSF    06.1
....................    delay_cycles(1); 
009D:  NOP
....................    lcd_output_rw(0); 
009E:  BCF    06.2
....................    delay_cycles(1); 
009F:  NOP
....................    lcd_output_enable(0); 
00A0:  BCF    06.0
....................    lcd_send_nibble(n >> 4); 
00A1:  SWAPF  3C,W
00A2:  MOVWF  3D
00A3:  MOVLW  0F
00A4:  ANDWF  3D,F
00A5:  MOVF   3D,W
00A6:  MOVWF  3E
00A7:  CALL   05C
....................    lcd_send_nibble(n & 0xf); 
00A8:  MOVF   3C,W
00A9:  ANDLW  0F
00AA:  MOVWF  3D
00AB:  MOVWF  3E
00AC:  CALL   05C
00AD:  RETURN
.................... } 
....................  
.................... #if defined(LCD_EXTENDED_NEWLINE) 
.................... unsigned int8 g_LcdX, g_LcdY; 
.................... #endif 
....................  
.................... void lcd_init(void)  
.................... { 
....................    unsigned int8 i; 
....................  
....................  #if defined(__PCB__) 
....................    set_tris_lcd(LCD_OUTPUT_MAP); 
....................  #else 
....................   #if (defined(LCD_DATA4) && defined(LCD_DATA5) && defined(LCD_DATA6) && defined(LCD_DATA7)) 
....................    output_drive(LCD_DATA4); 
....................    output_drive(LCD_DATA5); 
....................    output_drive(LCD_DATA6); 
....................    output_drive(LCD_DATA7); 
....................   #else 
....................    lcdtris.data = 0x0; 
00AE:  MOVLW  0F
00AF:  BSF    03.5
00B0:  ANDWF  06,W
00B1:  MOVWF  06
....................   #endif 
....................    lcd_enable_tris(); 
00B2:  BCF    06.0
....................    lcd_rs_tris(); 
00B3:  BCF    06.1
....................    lcd_rw_tris(); 
00B4:  BCF    06.2
....................  #endif 
....................  
....................    lcd_output_rs(0); 
00B5:  BCF    03.5
00B6:  BCF    06.1
....................    lcd_output_rw(0); 
00B7:  BCF    06.2
....................    lcd_output_enable(0); 
00B8:  BCF    06.0
....................      
....................    delay_ms(15); 
00B9:  MOVLW  0F
00BA:  MOVWF  37
00BB:  CALL   047
....................    for(i=1;i<=3;++i) 
00BC:  MOVLW  01
00BD:  MOVWF  29
00BE:  MOVF   29,W
00BF:  SUBLW  03
00C0:  BTFSS  03.0
00C1:  GOTO   0CA
....................    { 
....................        lcd_send_nibble(3); 
00C2:  MOVLW  03
00C3:  MOVWF  3E
00C4:  CALL   05C
....................        delay_ms(5); 
00C5:  MOVLW  05
00C6:  MOVWF  37
00C7:  CALL   047
00C8:  INCF   29,F
00C9:  GOTO   0BE
....................    } 
....................     
....................    lcd_send_nibble(2); 
00CA:  MOVLW  02
00CB:  MOVWF  3E
00CC:  CALL   05C
....................    delay_ms(5); 
00CD:  MOVLW  05
00CE:  MOVWF  37
00CF:  CALL   047
....................    for(i=0;i<=3;++i) 
00D0:  CLRF   29
00D1:  MOVF   29,W
00D2:  SUBLW  03
00D3:  BTFSS  03.0
00D4:  GOTO   0DE
....................       lcd_send_byte(0,LCD_INIT_STRING[i]); 
00D5:  MOVF   29,W
00D6:  CALL   004
00D7:  MOVWF  2A
00D8:  CLRF   3B
00D9:  MOVF   2A,W
00DA:  MOVWF  3C
00DB:  CALL   06E
....................  
....................   #if defined(LCD_EXTENDED_NEWLINE) 
00DC:  INCF   29,F
00DD:  GOTO   0D1
00DE:  BCF    0A.3
00DF:  BCF    0A.4
00E0:  GOTO   56B (RETURN)
....................    g_LcdX = 0; 
....................    g_LcdY = 0; 
....................   #endif 
.................... } 
....................  
.................... void lcd_gotoxy(unsigned int8 x, unsigned int8 y) 
.................... { 
....................    unsigned int8 address; 
....................     
....................    if(y!=1) 
00E1:  DECFSZ 38,W
00E2:  GOTO   0E4
00E3:  GOTO   0E7
....................       address=LCD_LINE_TWO; 
00E4:  MOVLW  40
00E5:  MOVWF  39
00E6:  GOTO   0E8
....................    else 
....................       address=0; 
00E7:  CLRF   39
....................       
....................    address+=x-1; 
00E8:  MOVLW  01
00E9:  SUBWF  37,W
00EA:  ADDWF  39,F
....................    lcd_send_byte(0,0x80|address); 
00EB:  MOVF   39,W
00EC:  IORLW  80
00ED:  MOVWF  3A
00EE:  CLRF   3B
00EF:  MOVF   3A,W
00F0:  MOVWF  3C
00F1:  CALL   06E
....................  
....................   #if defined(LCD_EXTENDED_NEWLINE) 
00F2:  RETURN
....................    g_LcdX = x - 1; 
....................    g_LcdY = y - 1; 
....................   #endif 
.................... } 
....................  
.................... void lcd_putc(char c) 
.................... { 
....................    switch (c) 
00F3:  MOVF   36,W
00F4:  XORLW  07
00F5:  BTFSC  03.2
00F6:  GOTO   101
00F7:  XORLW  0B
00F8:  BTFSC  03.2
00F9:  GOTO   106
00FA:  XORLW  06
00FB:  BTFSC  03.2
00FC:  GOTO   10E
00FD:  XORLW  02
00FE:  BTFSC  03.2
00FF:  GOTO   114
0100:  GOTO   119
....................    { 
....................       case '\a'   :  lcd_gotoxy(1,1);     break; 
0101:  MOVLW  01
0102:  MOVWF  37
0103:  MOVWF  38
0104:  CALL   0E1
0105:  GOTO   11E
....................  
....................       case '\f'   :  lcd_send_byte(0,1); 
0106:  CLRF   3B
0107:  MOVLW  01
0108:  MOVWF  3C
0109:  CALL   06E
....................                      delay_ms(2); 
010A:  MOVLW  02
010B:  MOVWF  37
010C:  CALL   047
....................                     #if defined(LCD_EXTENDED_NEWLINE) 
....................                      g_LcdX = 0; 
....................                      g_LcdY = 0; 
....................                     #endif 
....................                      break; 
010D:  GOTO   11E
....................  
....................      #if defined(LCD_EXTENDED_NEWLINE) 
....................       case '\r'   :  lcd_gotoxy(1, g_LcdY+1);   break; 
....................       case '\n'   : 
....................          while (g_LcdX++ < LCD_LINE_LENGTH) 
....................          { 
....................             lcd_send_byte(1, ' '); 
....................          } 
....................          lcd_gotoxy(1, g_LcdY+2); 
....................          break; 
....................      #else 
....................       case '\n'   : lcd_gotoxy(1,2);        break; 
010E:  MOVLW  01
010F:  MOVWF  37
0110:  MOVLW  02
0111:  MOVWF  38
0112:  CALL   0E1
0113:  GOTO   11E
....................      #endif 
....................       
....................       case '\b'   : lcd_send_byte(0,0x10);  break; 
0114:  CLRF   3B
0115:  MOVLW  10
0116:  MOVWF  3C
0117:  CALL   06E
0118:  GOTO   11E
....................       
....................      #if defined(LCD_EXTENDED_NEWLINE) 
....................       default     :  
....................          if (g_LcdX < LCD_LINE_LENGTH) 
....................          { 
....................             lcd_send_byte(1, c); 
....................             g_LcdX++; 
....................          } 
....................          break; 
....................      #else 
....................       default     : lcd_send_byte(1,c);     break; 
0119:  MOVLW  01
011A:  MOVWF  3B
011B:  MOVF   36,W
011C:  MOVWF  3C
011D:  CALL   06E
....................      #endif 
....................    } 
011E:  RETURN
.................... } 
....................   
.................... char lcd_getc(unsigned int8 x, unsigned int8 y) 
.................... { 
....................    char value; 
....................  
....................    lcd_gotoxy(x,y); 
....................    while ( bit_test(lcd_read_byte(),7) ); // wait until busy flag is low 
....................    lcd_output_rs(1); 
....................    value = lcd_read_byte(); 
....................    lcd_output_rs(0); 
....................     
....................    return(value); 
.................... } 
....................  
.................... // write a custom character to the ram 
.................... // which is 0-7 and specifies which character array we are modifying. 
.................... // ptr points to an array of 8 bytes, where each byte is the next row of 
.................... //    pixels.  only bits 0-4 are used.  the last row is the cursor row, and 
.................... //    usually you will want to leave this byte 0x00. 
.................... void lcd_set_cgram_char(unsigned int8 which, unsigned int8 *ptr) 
.................... { 
....................    unsigned int i; 
....................  
....................    which <<= 3; 
....................    which &= 0x38; 
....................  
....................    lcd_send_byte(0, 0x40 | which);  //set cgram address 
....................  
....................    for(i=0; i<8; i++) 
....................    { 
....................       lcd_send_byte(1, *ptr++); 
....................    } 
....................    
....................    #if defined(LCD_EXTENDED_NEWLINE) 
....................     lcd_gotoxy(g_LcdX+1, g_LcdY+1);  //set ddram address 
....................    #endif 
.................... } 
....................  
.................... void lcd_cursor_on(int1 on) 
.................... { 
....................    if (on) 
....................    { 
....................       lcd_send_byte(0,0x0F);           //turn LCD cursor ON 
....................    } 
....................    else 
....................    { 
....................       lcd_send_byte(0,0x0C);           //turn LCD cursor OFF 
....................    } 
.................... } 
....................  
.................... #endif 
....................  
....................  
.................... #define ENTER PIN_C3 
.................... #define ASAGI  PIN_C1 
.................... #define YUKARI  PIN_C0 
.................... #define ESC  PIN_C2 
....................  
.................... int8 referans=70,menu_say=0; 
.................... unsigned long int bilgi; 
.................... float nem; 
....................  
.................... void nem_oku ()  
.................... { 
.................... set_adc_channel(0); 
*
0187:  MOVLW  00
0188:  MOVWF  78
0189:  MOVF   1F,W
018A:  ANDLW  C7
018B:  IORWF  78,W
018C:  MOVWF  1F
....................     
....................     delay_us(20); 
018D:  MOVLW  06
018E:  MOVWF  77
018F:  DECFSZ 77,F
0190:  GOTO   18F
0191:  NOP
....................      
....................     bilgi=read_adc(); 
0192:  BSF    1F.2
0193:  BTFSC  1F.2
0194:  GOTO   193
0195:  BSF    03.5
0196:  MOVF   1E,W
0197:  BCF    03.5
0198:  MOVWF  22
0199:  MOVF   1E,W
019A:  MOVWF  23
....................     nem=bilgi/7.13; 
019B:  MOVF   23,W
019C:  MOVWF  2A
019D:  MOVF   22,W
019E:  MOVWF  29
019F:  CALL   16A
01A0:  MOVF   7A,W
01A1:  MOVWF  2C
01A2:  MOVF   79,W
01A3:  MOVWF  2B
01A4:  MOVF   78,W
01A5:  MOVWF  2A
01A6:  MOVF   77,W
01A7:  MOVWF  29
01A8:  MOVLW  F6
01A9:  MOVWF  30
01AA:  MOVLW  28
01AB:  MOVWF  2F
01AC:  MOVLW  64
01AD:  MOVWF  2E
01AE:  MOVLW  81
01AF:  MOVWF  2D
*
0279:  MOVF   7A,W
027A:  MOVWF  27
027B:  MOVF   79,W
027C:  MOVWF  26
027D:  MOVF   78,W
027E:  MOVWF  25
027F:  MOVF   77,W
0280:  MOVWF  24
0281:  BCF    0A.3
0282:  BCF    0A.4
0283:  GOTO   5EC (RETURN)
....................  
.................... } 
....................  
.................... void eprom_oku () 
.................... { 
.................... referans=read_eeprom(0); 
0284:  BSF    03.6
0285:  CLRF   0D
0286:  BSF    03.5
0287:  BCF    0C.7
0288:  BSF    0C.0
0289:  BCF    03.5
028A:  MOVF   0C,W
028B:  BCF    03.6
028C:  MOVWF  20
028D:  BCF    0A.3
028E:  BCF    0A.4
028F:  GOTO   5ED (RETURN)
.................... } 
....................  
....................  
.................... void main ()  
*
0537:  MOVLW  46
0538:  MOVWF  20
0539:  CLRF   21
053A:  MOVLW  FF
053B:  MOVWF  28
053C:  BSF    03.5
053D:  BSF    1F.0
053E:  BSF    1F.1
053F:  BSF    1F.2
0540:  BCF    1F.3
0541:  MOVLW  07
0542:  MOVWF  1C
0543:  BCF    03.7
0544:  MOVLW  1F
0545:  ANDWF  03,F
.................... { 
....................  
....................  setup_psp(PSP_DISABLED); 
0546:  BCF    09.4
....................    setup_timer_1(T1_DISABLED); 
0547:  BCF    03.5
0548:  CLRF   10
....................    setup_timer_2(T2_DISABLED,0,1); 
0549:  MOVLW  00
054A:  MOVWF  78
054B:  MOVWF  12
054C:  MOVLW  00
054D:  BSF    03.5
054E:  MOVWF  12
....................    setup_CCP1(CCP_OFF); 
054F:  MOVLW  F0
0550:  BCF    03.5
0551:  ANDWF  17,F
....................    setup_CCP2(CCP_OFF); 
0552:  ANDWF  1D,F
....................     
....................    set_tris_a(0x01); 
0553:  MOVLW  01
0554:  BSF    03.5
0555:  MOVWF  05
....................    set_tris_d(0); // RD portu k olarak ynlendirildi 
0556:  MOVLW  00
0557:  MOVWF  08
....................    output_d(0); // RD portunun tm klar sfrland 
0558:  CLRF   08
0559:  BCF    03.5
055A:  CLRF   08
....................     
....................    setup_adc(adc_clock_div_32); 
055B:  BSF    03.5
055C:  BCF    1F.6
055D:  BCF    03.5
055E:  BCF    1F.6
055F:  BSF    1F.7
0560:  BSF    03.5
0561:  BSF    1F.7
0562:  BCF    03.5
0563:  BSF    1F.0
....................    setup_adc_ports(AN0); 
0564:  BSF    03.5
0565:  BCF    1F.0
0566:  BSF    1F.1
0567:  BSF    1F.2
0568:  BSF    1F.3
....................    lcd_init(); 
0569:  BCF    03.5
056A:  GOTO   0AE
....................  
....................  
....................  
.................... while (1) { 
....................  
.................... while (2) { 
.................... bas: 
.................... switch(menu_say) 
056B:  MOVF   21,W
056C:  BTFSC  03.2
056D:  GOTO   572
056E:  XORLW  01
056F:  BTFSC  03.2
0570:  GOTO   59C
0571:  GOTO   5C5
....................          { 
....................             case 0: 
....................                lcd_gotoxy(1,1); 
0572:  MOVLW  01
0573:  MOVWF  37
0574:  MOVWF  38
0575:  CALL   0E1
....................                printf(lcd_putc,">1-Baslat "); 
0576:  MOVLW  0C
0577:  BSF    03.6
0578:  MOVWF  0D
0579:  MOVLW  00
057A:  MOVWF  0F
057B:  BCF    03.6
057C:  CALL   11F
....................                lcd_gotoxy(1,2); 
057D:  MOVLW  01
057E:  MOVWF  37
057F:  MOVLW  02
0580:  MOVWF  38
0581:  CALL   0E1
....................                printf(lcd_putc," 2-Ayarlar"); 
0582:  MOVLW  12
0583:  BSF    03.6
0584:  MOVWF  0D
0585:  MOVLW  00
0586:  MOVWF  0F
0587:  BCF    03.6
0588:  CALL   11F
....................                if (input(ENTER)){ 
0589:  BSF    28.3
058A:  MOVF   28,W
058B:  BSF    03.5
058C:  MOVWF  07
058D:  BCF    03.5
058E:  BTFSS  07.3
058F:  GOTO   59B
....................                while ((input(ENTER))) 
0590:  BSF    28.3
0591:  MOVF   28,W
0592:  BSF    03.5
0593:  MOVWF  07
0594:  BCF    03.5
0595:  BTFSC  07.3
....................     { 
0596:  GOTO   590
....................     } 
....................                printf(lcd_putc,"\f"); goto sulama;} //set menye git 
0597:  MOVLW  0C
0598:  MOVWF  36
0599:  CALL   0F3
059A:  GOTO   5EB
....................                break; 
059B:  GOTO   5C5
....................             case 1: 
....................                lcd_gotoxy(1,1); 
059C:  MOVLW  01
059D:  MOVWF  37
059E:  MOVWF  38
059F:  CALL   0E1
....................                printf(lcd_putc," 1-Baslat "); 
05A0:  MOVLW  18
05A1:  BSF    03.6
05A2:  MOVWF  0D
05A3:  MOVLW  00
05A4:  MOVWF  0F
05A5:  BCF    03.6
05A6:  CALL   11F
....................                lcd_gotoxy(1,2); 
05A7:  MOVLW  01
05A8:  MOVWF  37
05A9:  MOVLW  02
05AA:  MOVWF  38
05AB:  CALL   0E1
....................                printf(lcd_putc,">2-Ayarlar"); 
05AC:  MOVLW  1E
05AD:  BSF    03.6
05AE:  MOVWF  0D
05AF:  MOVLW  00
05B0:  MOVWF  0F
05B1:  BCF    03.6
05B2:  CALL   11F
....................                if (input(ENTER)) { 
05B3:  BSF    28.3
05B4:  MOVF   28,W
05B5:  BSF    03.5
05B6:  MOVWF  07
05B7:  BCF    03.5
05B8:  BTFSS  07.3
05B9:  GOTO   5C5
....................                while ((input(ENTER))) 
05BA:  BSF    28.3
05BB:  MOVF   28,W
05BC:  BSF    03.5
05BD:  MOVWF  07
05BE:  BCF    03.5
05BF:  BTFSC  07.3
....................     { 
05C0:  GOTO   5BA
....................     } 
....................                printf(lcd_putc,"\f"); goto ayarlar;} //set menye git 
05C1:  MOVLW  0C
05C2:  MOVWF  36
05C3:  CALL   0F3
05C4:  GOTO   650
....................                break; 
....................           
.................... } 
....................  
....................  
....................  
.................... if(input(ASAGI)&&(menu_say<1)) 
05C5:  BSF    28.1
05C6:  MOVF   28,W
05C7:  BSF    03.5
05C8:  MOVWF  07
05C9:  BCF    03.5
05CA:  BTFSS  07.1
05CB:  GOTO   5D8
05CC:  MOVF   21,F
05CD:  BTFSS  03.2
05CE:  GOTO   5D8
....................          { 
....................              while(input(ASAGI)); 
05CF:  BSF    28.1
05D0:  MOVF   28,W
05D1:  BSF    03.5
05D2:  MOVWF  07
05D3:  BCF    03.5
05D4:  BTFSC  07.1
05D5:  GOTO   5CF
....................              ++menu_say; 
05D6:  INCF   21,F
....................              //if(menu_say==5) 
....................               // menu_say=0; 
....................                } 
05D7:  GOTO   5EA
....................           else if(input(YUKARI)&&(menu_say>0))      
05D8:  BSF    28.0
05D9:  MOVF   28,W
05DA:  BSF    03.5
05DB:  MOVWF  07
05DC:  BCF    03.5
05DD:  BTFSS  07.0
05DE:  GOTO   5EA
05DF:  MOVF   21,F
05E0:  BTFSC  03.2
05E1:  GOTO   5EA
....................                { 
....................              while(input(YUKARI)); 
05E2:  BSF    28.0
05E3:  MOVF   28,W
05E4:  BSF    03.5
05E5:  MOVWF  07
05E6:  BCF    03.5
05E7:  BTFSC  07.0
05E8:  GOTO   5E2
....................              --menu_say; 
05E9:  DECF   21,F
....................              //if(menu_say==0) 
....................              //  menu_say=0; 
....................                } 
05EA:  GOTO   56B
....................  
....................  
.................... } 
....................  
.................... while (3)  
.................... { 
.................... sulama: 
.................... nem_oku(); 
05EB:  GOTO   187
.................... eprom_oku(); 
05EC:  GOTO   284
.................... LCD_gotoxy(1,1);  
05ED:  MOVLW  01
05EE:  MOVWF  37
05EF:  MOVWF  38
05F0:  CALL   0E1
....................    printf(lcd_putc,"NEM=%%%f",nem); 
05F1:  MOVLW  24
05F2:  BSF    03.6
05F3:  MOVWF  0D
05F4:  MOVLW  00
05F5:  MOVWF  0F
05F6:  BCF    03.0
05F7:  MOVLW  04
05F8:  BCF    03.6
05F9:  MOVWF  29
05FA:  CALL   290
05FB:  MOVLW  25
05FC:  MOVWF  36
05FD:  CALL   0F3
05FE:  MOVLW  89
05FF:  MOVWF  04
0600:  MOVF   27,W
0601:  MOVWF  2C
0602:  MOVF   26,W
0603:  MOVWF  2B
0604:  MOVF   25,W
0605:  MOVWF  2A
0606:  MOVF   24,W
0607:  MOVWF  29
0608:  MOVLW  02
0609:  MOVWF  2D
060A:  GOTO   333
....................     if(nem < referans){ 
060B:  CLRF   2A
060C:  MOVF   20,W
060D:  MOVWF  29
060E:  CALL   16A
060F:  MOVF   27,W
0610:  MOVWF  2C
0611:  MOVF   26,W
0612:  MOVWF  2B
0613:  MOVF   25,W
0614:  MOVWF  2A
0615:  MOVF   24,W
0616:  MOVWF  29
0617:  MOVF   7A,W
0618:  MOVWF  30
0619:  MOVF   79,W
061A:  MOVWF  2F
061B:  MOVF   78,W
061C:  MOVWF  2E
061D:  MOVF   77,W
061E:  MOVWF  2D
061F:  GOTO   488
0620:  BTFSS  03.0
0621:  GOTO   62E
....................      
....................          lcd_putc("\nSULAMA YAPILIYOR"); 
0622:  MOVLW  29
0623:  BSF    03.6
0624:  MOVWF  0D
0625:  MOVLW  00
0626:  MOVWF  0F
0627:  BCF    03.6
0628:  CALL   11F
....................          output_high(pin_D0); 
0629:  BSF    03.5
062A:  BCF    08.0
062B:  BCF    03.5
062C:  BSF    08.0
....................      
....................     } 
062D:  GOTO   639
....................     else{ 
....................     
....................      lcd_putc("\n IDEAL NEM ORANI"); 
062E:  MOVLW  32
062F:  BSF    03.6
0630:  MOVWF  0D
0631:  MOVLW  00
0632:  MOVWF  0F
0633:  BCF    03.6
0634:  CALL   11F
....................     output_low(pin_D0); 
0635:  BSF    03.5
0636:  BCF    08.0
0637:  BCF    03.5
0638:  BCF    08.0
....................      
....................     } 
....................      
....................      if(input(ESC)) 
0639:  BSF    28.2
063A:  MOVF   28,W
063B:  BSF    03.5
063C:  MOVWF  07
063D:  BCF    03.5
063E:  BTFSS  07.2
063F:  GOTO   64F
....................     { 
....................     while ((input(ESC))) 
0640:  BSF    28.2
0641:  MOVF   28,W
0642:  BSF    03.5
0643:  MOVWF  07
0644:  BCF    03.5
0645:  BTFSC  07.2
....................     { 
0646:  GOTO   640
....................     } 
....................   output_low(pin_D0); printf(lcd_putc,"\f"); goto bas; 
0647:  BSF    03.5
0648:  BCF    08.0
0649:  BCF    03.5
064A:  BCF    08.0
064B:  MOVLW  0C
064C:  MOVWF  36
064D:  CALL   0F3
064E:  GOTO   56B
....................     }  
064F:  GOTO   5EB
....................       } 
....................      
....................  
.................... while (4)  
.................... { 
....................                ayarlar: 
....................                lcd_gotoxy(1,1); 
0650:  MOVLW  01
0651:  MOVWF  37
0652:  MOVWF  38
0653:  CALL   0E1
....................                printf(lcd_putc," NEM SINIRI  "); 
0654:  MOVLW  3B
0655:  BSF    03.6
0656:  MOVWF  0D
0657:  MOVLW  00
0658:  MOVWF  0F
0659:  BCF    03.6
065A:  CALL   11F
....................                lcd_gotoxy(1,2); 
065B:  MOVLW  01
065C:  MOVWF  37
065D:  MOVLW  02
065E:  MOVWF  38
065F:  CALL   0E1
....................                printf(lcd_putc," SET :%2d",referans); 
0660:  MOVLW  42
0661:  BSF    03.6
0662:  MOVWF  0D
0663:  MOVLW  00
0664:  MOVWF  0F
0665:  BCF    03.0
0666:  MOVLW  06
0667:  BCF    03.6
0668:  MOVWF  29
0669:  CALL   290
066A:  MOVF   20,W
066B:  MOVWF  29
066C:  MOVLW  11
066D:  MOVWF  2A
066E:  GOTO   4DE
....................                if(input(ENTER)) {write_eeprom (0,referans);}  
066F:  BSF    28.3
0670:  MOVF   28,W
0671:  BSF    03.5
0672:  MOVWF  07
0673:  BCF    03.5
0674:  BTFSS  07.3
0675:  GOTO   68E
0676:  MOVF   0B,W
0677:  MOVWF  77
0678:  BCF    0B.7
0679:  BSF    03.6
067A:  CLRF   0D
067B:  BCF    03.6
067C:  MOVF   20,W
067D:  BSF    03.6
067E:  MOVWF  0C
067F:  BSF    03.5
0680:  BCF    0C.7
0681:  BSF    0C.2
0682:  MOVLW  55
0683:  MOVWF  0D
0684:  MOVLW  AA
0685:  MOVWF  0D
0686:  BSF    0C.1
0687:  BTFSC  0C.1
0688:  GOTO   687
0689:  BCF    0C.2
068A:  MOVF   77,W
068B:  BCF    03.5
068C:  BCF    03.6
068D:  IORWF  0B,F
....................               if(input(ASAGI)&&(referans>0)) 
068E:  BSF    28.1
068F:  MOVF   28,W
0690:  BSF    03.5
0691:  MOVWF  07
0692:  BCF    03.5
0693:  BTFSS  07.1
0694:  GOTO   6A1
0695:  MOVF   20,F
0696:  BTFSC  03.2
0697:  GOTO   6A1
....................               { 
....................               while(input(ASAGI)); 
0698:  BSF    28.1
0699:  MOVF   28,W
069A:  BSF    03.5
069B:  MOVWF  07
069C:  BCF    03.5
069D:  BTFSC  07.1
069E:  GOTO   698
....................               --referans; 
069F:  DECF   20,F
....................                } 
06A0:  GOTO   6B4
....................              else if(input(YUKARI)&&(referans<100))      
06A1:  BSF    28.0
06A2:  MOVF   28,W
06A3:  BSF    03.5
06A4:  MOVWF  07
06A5:  BCF    03.5
06A6:  BTFSS  07.0
06A7:  GOTO   6B4
06A8:  MOVF   20,W
06A9:  SUBLW  63
06AA:  BTFSS  03.0
06AB:  GOTO   6B4
....................                { 
....................              while(input(YUKARI)); 
06AC:  BSF    28.0
06AD:  MOVF   28,W
06AE:  BSF    03.5
06AF:  MOVWF  07
06B0:  BCF    03.5
06B1:  BTFSC  07.0
06B2:  GOTO   6AC
....................              ++referans; 
06B3:  INCF   20,F
....................                } 
....................  
....................  
....................              if(input(ESC)) 
06B4:  BSF    28.2
06B5:  MOVF   28,W
06B6:  BSF    03.5
06B7:  MOVWF  07
06B8:  BCF    03.5
06B9:  BTFSS  07.2
06BA:  GOTO   6C6
....................     { 
....................     while ((input(ESC))) 
06BB:  BSF    28.2
06BC:  MOVF   28,W
06BD:  BSF    03.5
06BE:  MOVWF  07
06BF:  BCF    03.5
06C0:  BTFSC  07.2
....................     { 
06C1:  GOTO   6BB
....................     } 
....................    printf(lcd_putc,"\f"); goto bas; 
06C2:  MOVLW  0C
06C3:  MOVWF  36
06C4:  CALL   0F3
06C5:  GOTO   56B
....................     } 
06C6:  GOTO   650
.................... } 
06C7:  GOTO   56B
....................  
....................  
....................  
....................  
....................  
....................  
....................  
....................  
....................  
....................  
....................  
....................  
....................  
.................... } 
.................... } 
06C8:  SLEEP

Configuration Fuses:
   Word  1: 3F39   XT NOWDT NOPUT NOBROWNOUT NOLVP NOCPD NOWRT NODEBUG NOPROTECT
