
ROM used:   1737/8192 (21%)
            1737/8192 (21%) including unused fragments

            1.3 Average locations per line
            9.4 Average locations per statement

RAM used:   14/368 (4%) at main() level
            40/368 (11%) worst case

Stack used: 0 worst case (0 in main + 0 for interrupts)
Stack size: 8

Lines Stmts  %   Files
----- ----- ---  -----
  178   101  55  SeraOtomasyonu.c
  661     0   0  C:\Program Files (x86)\PICC\Devices\16F877A.h
  456    84  45  C:\Program Files (x86)\PICC\Drivers\lcd.c
----- -----
 1295   185 Total

Page ROM  %  RAM   Vol Diff  Functions:
---- --- --- ---   --- ----  ----------
0     21   1    1             @delay_ms1
0      8   0    0             @const629
 Inline         3   596  5.9  lcd_read_byte
0      6   0    0    59  4.2  lcd_read_nibble
0     12   1    1   179  3.3  lcd_send_nibble
0     64   4    3   460  4.7  lcd_send_byte
0     51   3    2   667  5.9  lcd_init
0     18   1    4   208  6.3  lcd_gotoxy
0     44   3    1   354  4.7  lcd_putc
0    253  15    0    86  1.9  nem_oku
0     29   2    2             @ITOF
 Inline        14             @DIVFF
0     12   1    0    25  1.2  eprom_oku
0    402  23    0  2902  8.3  MAIN
0      6   0    0             @const674
0     75   4    4             @PSTRINGC7_647
0      6   0    0             @const676
0      6   0    0             @const680
0      6   0    0             @const681
0      5   0    0             @const684
0     84   5    5             @PSTRINGCN7_647
 Inline        13             @MULFF
 Inline         5             @FTOSD
0     79   5   13             @DIV3232
0    341  20   13             @PRINTF_L32D_647FPFPF
0     65   4   10             @FLT
0      9   1    0             @const701
0      9   1    0             @const702
0      7   0    0             @const704
0      5   0    0             @const705
0     21   1    3             @DIV88
0     89   5    6             @PRINTF_D_647
 Inline         0             @cinit1

Program metrics:
    Functions               10
    Statements              185
    Comments                218
    Volume (V)              7891
    Difficulty (D)          43.0
    Effort to implement (E) 339433
    Time to implement (T)   5 hours, 14 minutes
    Est Delivered Bugs (B)  2
    Cyclomatic Complexity   20
    Maintainability (MI)    129

 Segment     Used  Free
-----------  ----  ----
00000-00003     4  0  
00004-007FF  1733  311  
00800-00FFF     0  2048  
01000-017FF     0  2048  
01800-01FFF     0  2048  



